CRITICAL - 2022-08-04 11:25:57 --> Invalid file: partials/profile.php
#0 /home2/acgym11/galopecerto.com/pote/Admin/system/View/View.php(203): CodeIgniter\Exceptions\FrameworkException::forInvalidFile('partials/profil...')
#1 /home2/acgym11/galopecerto.com/pote/Admin/system/Common.php(1217): CodeIgniter\View\View->render('partials/profil...', Array, true)
#2 /home2/acgym11/galopecerto.com/pote/Admin/app/Controllers/Home.php(211): view('partials/profil...', Array)
#3 /home2/acgym11/galopecerto.com/pote/Admin/system/CodeIgniter.php(936): App\Controllers\Home->show_profile()
#4 /home2/acgym11/galopecerto.com/pote/Admin/system/CodeIgniter.php(432): CodeIgniter\CodeIgniter->runController(Object(App\Controllers\Home))
#5 /home2/acgym11/galopecerto.com/pote/Admin/system/CodeIgniter.php(333): CodeIgniter\CodeIgniter->handleRequest(NULL, Object(Config\Cache), false)
#6 /home2/acgym11/galopecerto.com/pote/Admin/public/index.php(44): CodeIgniter\CodeIgniter->run()
#7 {main}
CRITICAL - 2022-08-04 11:26:41 --> Invalid file: partials/profile.php
#0 /home2/acgym11/galopecerto.com/pote/Admin/system/View/View.php(203): CodeIgniter\Exceptions\FrameworkException::forInvalidFile('partials/profil...')
#1 /home2/acgym11/galopecerto.com/pote/Admin/system/Common.php(1217): CodeIgniter\View\View->render('partials/profil...', Array, true)
#2 /home2/acgym11/galopecerto.com/pote/Admin/app/Controllers/Home.php(211): view('partials/profil...', Array)
#3 /home2/acgym11/galopecerto.com/pote/Admin/system/CodeIgniter.php(936): App\Controllers\Home->show_profile()
#4 /home2/acgym11/galopecerto.com/pote/Admin/system/CodeIgniter.php(432): CodeIgniter\CodeIgniter->runController(Object(App\Controllers\Home))
#5 /home2/acgym11/galopecerto.com/pote/Admin/system/CodeIgniter.php(333): CodeIgniter\CodeIgniter->handleRequest(NULL, Object(Config\Cache), false)
#6 /home2/acgym11/galopecerto.com/pote/Admin/public/index.php(44): CodeIgniter\CodeIgniter->run()
#7 {main}
CRITICAL - 2022-08-04 11:29:28 --> Invalid file: partials/nmenu.php
#0 /home2/acgym11/galopecerto.com/pote/Admin/system/View/View.php(203): CodeIgniter\Exceptions\FrameworkException::forInvalidFile('partials/nmenu....')
#1 /home2/acgym11/galopecerto.com/pote/Admin/system/View/View.php(468): CodeIgniter\View\View->render('partials/nmenu', NULL, true)
#2 /home2/acgym11/galopecerto.com/pote/Admin/app/Views/profile.php(17): CodeIgniter\View\View->include('partials/nmenu')
#3 /home2/acgym11/galopecerto.com/pote/Admin/system/View/View.php(220): include('/home2/acgym11/...')
#4 /home2/acgym11/galopecerto.com/pote/Admin/system/View/View.php(222): CodeIgniter\View\View->CodeIgniter\View\{closure}()
#5 /home2/acgym11/galopecerto.com/pote/Admin/system/Common.php(1217): CodeIgniter\View\View->render('profile', Array, true)
#6 /home2/acgym11/galopecerto.com/pote/Admin/app/Controllers/Home.php(212): view('profile', Array)
#7 /home2/acgym11/galopecerto.com/pote/Admin/system/CodeIgniter.php(936): App\Controllers\Home->show_profile()
#8 /home2/acgym11/galopecerto.com/pote/Admin/system/CodeIgniter.php(432): CodeIgniter\CodeIgniter->runController(Object(App\Controllers\Home))
#9 /home2/acgym11/galopecerto.com/pote/Admin/system/CodeIgniter.php(333): CodeIgniter\CodeIgniter->handleRequest(NULL, Object(Config\Cache), false)
#10 /home2/acgym11/galopecerto.com/pote/Admin/public/index.php(44): CodeIgniter\CodeIgniter->run()
#11 {main}
CRITICAL - 2022-08-04 11:29:40 --> Invalid file: partials/nmenu.php
#0 /home2/acgym11/galopecerto.com/pote/Admin/system/View/View.php(203): CodeIgniter\Exceptions\FrameworkException::forInvalidFile('partials/nmenu....')
#1 /home2/acgym11/galopecerto.com/pote/Admin/system/View/View.php(468): CodeIgniter\View\View->render('partials/nmenu', NULL, true)
#2 /home2/acgym11/galopecerto.com/pote/Admin/app/Views/profile.php(17): CodeIgniter\View\View->include('partials/nmenu')
#3 /home2/acgym11/galopecerto.com/pote/Admin/system/View/View.php(220): include('/home2/acgym11/...')
#4 /home2/acgym11/galopecerto.com/pote/Admin/system/View/View.php(222): CodeIgniter\View\View->CodeIgniter\View\{closure}()
#5 /home2/acgym11/galopecerto.com/pote/Admin/system/Common.php(1217): CodeIgniter\View\View->render('profile', Array, true)
#6 /home2/acgym11/galopecerto.com/pote/Admin/app/Controllers/Home.php(212): view('profile', Array)
#7 /home2/acgym11/galopecerto.com/pote/Admin/system/CodeIgniter.php(936): App\Controllers\Home->show_profile()
#8 /home2/acgym11/galopecerto.com/pote/Admin/system/CodeIgniter.php(432): CodeIgniter\CodeIgniter->runController(Object(App\Controllers\Home))
#9 /home2/acgym11/galopecerto.com/pote/Admin/system/CodeIgniter.php(333): CodeIgniter\CodeIgniter->handleRequest(NULL, Object(Config\Cache), false)
#10 /home2/acgym11/galopecerto.com/pote/Admin/public/index.php(44): CodeIgniter\CodeIgniter->run()
#11 {main}
CRITICAL - 2022-08-04 11:29:56 --> Invalid file: partials/nmenu.php
#0 /home2/acgym11/galopecerto.com/pote/Admin/system/View/View.php(203): CodeIgniter\Exceptions\FrameworkException::forInvalidFile('partials/nmenu....')
#1 /home2/acgym11/galopecerto.com/pote/Admin/system/View/View.php(468): CodeIgniter\View\View->render('partials/nmenu', NULL, true)
#2 /home2/acgym11/galopecerto.com/pote/Admin/app/Views/profile.php(17): CodeIgniter\View\View->include('partials/nmenu')
#3 /home2/acgym11/galopecerto.com/pote/Admin/system/View/View.php(220): include('/home2/acgym11/...')
#4 /home2/acgym11/galopecerto.com/pote/Admin/system/View/View.php(222): CodeIgniter\View\View->CodeIgniter\View\{closure}()
#5 /home2/acgym11/galopecerto.com/pote/Admin/system/Common.php(1217): CodeIgniter\View\View->render('profile', Array, true)
#6 /home2/acgym11/galopecerto.com/pote/Admin/app/Controllers/Home.php(212): view('profile', Array)
#7 /home2/acgym11/galopecerto.com/pote/Admin/system/CodeIgniter.php(936): App\Controllers\Home->show_profile()
#8 /home2/acgym11/galopecerto.com/pote/Admin/system/CodeIgniter.php(432): CodeIgniter\CodeIgniter->runController(Object(App\Controllers\Home))
#9 /home2/acgym11/galopecerto.com/pote/Admin/system/CodeIgniter.php(333): CodeIgniter\CodeIgniter->handleRequest(NULL, Object(Config\Cache), false)
#10 /home2/acgym11/galopecerto.com/pote/Admin/public/index.php(44): CodeIgniter\CodeIgniter->run()
#11 {main}
CRITICAL - 2022-08-04 11:30:02 --> Invalid file: partials/nmenu.php
#0 /home2/acgym11/galopecerto.com/pote/Admin/system/View/View.php(203): CodeIgniter\Exceptions\FrameworkException::forInvalidFile('partials/nmenu....')
#1 /home2/acgym11/galopecerto.com/pote/Admin/system/View/View.php(468): CodeIgniter\View\View->render('partials/nmenu', NULL, true)
#2 /home2/acgym11/galopecerto.com/pote/Admin/app/Views/profile.php(17): CodeIgniter\View\View->include('partials/nmenu')
#3 /home2/acgym11/galopecerto.com/pote/Admin/system/View/View.php(220): include('/home2/acgym11/...')
#4 /home2/acgym11/galopecerto.com/pote/Admin/system/View/View.php(222): CodeIgniter\View\View->CodeIgniter\View\{closure}()
#5 /home2/acgym11/galopecerto.com/pote/Admin/system/Common.php(1217): CodeIgniter\View\View->render('profile', Array, true)
#6 /home2/acgym11/galopecerto.com/pote/Admin/app/Controllers/Home.php(212): view('profile', Array)
#7 /home2/acgym11/galopecerto.com/pote/Admin/system/CodeIgniter.php(936): App\Controllers\Home->show_profile()
#8 /home2/acgym11/galopecerto.com/pote/Admin/system/CodeIgniter.php(432): CodeIgniter\CodeIgniter->runController(Object(App\Controllers\Home))
#9 /home2/acgym11/galopecerto.com/pote/Admin/system/CodeIgniter.php(333): CodeIgniter\CodeIgniter->handleRequest(NULL, Object(Config\Cache), false)
#10 /home2/acgym11/galopecerto.com/pote/Admin/public/index.php(44): CodeIgniter\CodeIgniter->run()
#11 {main}
CRITICAL - 2022-08-04 11:30:31 --> Undefined variable: title_meta
#0 /home2/acgym11/galopecerto.com/pote/Admin/app/Views/profile.php(5): CodeIgniter\Debug\Exceptions->errorHandler(8, 'Undefined varia...', '/home2/acgym11/...', 5, Array)
#1 /home2/acgym11/galopecerto.com/pote/Admin/system/View/View.php(220): include('/home2/acgym11/...')
#2 /home2/acgym11/galopecerto.com/pote/Admin/system/View/View.php(222): CodeIgniter\View\View->CodeIgniter\View\{closure}()
#3 /home2/acgym11/galopecerto.com/pote/Admin/system/Common.php(1217): CodeIgniter\View\View->render('profile', Array, true)
#4 /home2/acgym11/galopecerto.com/pote/Admin/app/Controllers/Home.php(212): view('profile')
#5 /home2/acgym11/galopecerto.com/pote/Admin/system/CodeIgniter.php(936): App\Controllers\Home->show_profile()
#6 /home2/acgym11/galopecerto.com/pote/Admin/system/CodeIgniter.php(432): CodeIgniter\CodeIgniter->runController(Object(App\Controllers\Home))
#7 /home2/acgym11/galopecerto.com/pote/Admin/system/CodeIgniter.php(333): CodeIgniter\CodeIgniter->handleRequest(NULL, Object(Config\Cache), false)
#8 /home2/acgym11/galopecerto.com/pote/Admin/public/index.php(44): CodeIgniter\CodeIgniter->run()
#9 {main}
CRITICAL - 2022-08-04 11:30:35 --> Undefined variable: title_meta
#0 /home2/acgym11/galopecerto.com/pote/Admin/app/Views/profile.php(5): CodeIgniter\Debug\Exceptions->errorHandler(8, 'Undefined varia...', '/home2/acgym11/...', 5, Array)
#1 /home2/acgym11/galopecerto.com/pote/Admin/system/View/View.php(220): include('/home2/acgym11/...')
#2 /home2/acgym11/galopecerto.com/pote/Admin/system/View/View.php(222): CodeIgniter\View\View->CodeIgniter\View\{closure}()
#3 /home2/acgym11/galopecerto.com/pote/Admin/system/Common.php(1217): CodeIgniter\View\View->render('profile', Array, true)
#4 /home2/acgym11/galopecerto.com/pote/Admin/app/Controllers/Home.php(212): view('profile')
#5 /home2/acgym11/galopecerto.com/pote/Admin/system/CodeIgniter.php(936): App\Controllers\Home->show_profile()
#6 /home2/acgym11/galopecerto.com/pote/Admin/system/CodeIgniter.php(432): CodeIgniter\CodeIgniter->runController(Object(App\Controllers\Home))
#7 /home2/acgym11/galopecerto.com/pote/Admin/system/CodeIgniter.php(333): CodeIgniter\CodeIgniter->handleRequest(NULL, Object(Config\Cache), false)
#8 /home2/acgym11/galopecerto.com/pote/Admin/public/index.php(44): CodeIgniter\CodeIgniter->run()
#9 {main}
CRITICAL - 2022-08-04 11:31:20 --> Undefined variable: title_meta
#0 /home2/acgym11/galopecerto.com/pote/Admin/app/Views/profile.php(5): CodeIgniter\Debug\Exceptions->errorHandler(8, 'Undefined varia...', '/home2/acgym11/...', 5, Array)
#1 /home2/acgym11/galopecerto.com/pote/Admin/system/View/View.php(220): include('/home2/acgym11/...')
#2 /home2/acgym11/galopecerto.com/pote/Admin/system/View/View.php(222): CodeIgniter\View\View->CodeIgniter\View\{closure}()
#3 /home2/acgym11/galopecerto.com/pote/Admin/system/Common.php(1217): CodeIgniter\View\View->render('profile', Array, true)
#4 /home2/acgym11/galopecerto.com/pote/Admin/app/Controllers/Home.php(212): view('profile')
#5 /home2/acgym11/galopecerto.com/pote/Admin/system/CodeIgniter.php(936): App\Controllers\Home->show_profile()
#6 /home2/acgym11/galopecerto.com/pote/Admin/system/CodeIgniter.php(432): CodeIgniter\CodeIgniter->runController(Object(App\Controllers\Home))
#7 /home2/acgym11/galopecerto.com/pote/Admin/system/CodeIgniter.php(333): CodeIgniter\CodeIgniter->handleRequest(NULL, Object(Config\Cache), false)
#8 /home2/acgym11/galopecerto.com/pote/Admin/public/index.php(44): CodeIgniter\CodeIgniter->run()
#9 {main}
CRITICAL - 2022-08-04 11:31:21 --> Undefined variable: title_meta
#0 /home2/acgym11/galopecerto.com/pote/Admin/app/Views/profile.php(5): CodeIgniter\Debug\Exceptions->errorHandler(8, 'Undefined varia...', '/home2/acgym11/...', 5, Array)
#1 /home2/acgym11/galopecerto.com/pote/Admin/system/View/View.php(220): include('/home2/acgym11/...')
#2 /home2/acgym11/galopecerto.com/pote/Admin/system/View/View.php(222): CodeIgniter\View\View->CodeIgniter\View\{closure}()
#3 /home2/acgym11/galopecerto.com/pote/Admin/system/Common.php(1217): CodeIgniter\View\View->render('profile', Array, true)
#4 /home2/acgym11/galopecerto.com/pote/Admin/app/Controllers/Home.php(212): view('profile')
#5 /home2/acgym11/galopecerto.com/pote/Admin/system/CodeIgniter.php(936): App\Controllers\Home->show_profile()
#6 /home2/acgym11/galopecerto.com/pote/Admin/system/CodeIgniter.php(432): CodeIgniter\CodeIgniter->runController(Object(App\Controllers\Home))
#7 /home2/acgym11/galopecerto.com/pote/Admin/system/CodeIgniter.php(333): CodeIgniter\CodeIgniter->handleRequest(NULL, Object(Config\Cache), false)
#8 /home2/acgym11/galopecerto.com/pote/Admin/public/index.php(44): CodeIgniter\CodeIgniter->run()
#9 {main}
CRITICAL - 2022-08-04 11:31:32 --> Undefined variable: title_meta
#0 /home2/acgym11/galopecerto.com/pote/Admin/app/Views/profile.php(5): CodeIgniter\Debug\Exceptions->errorHandler(8, 'Undefined varia...', '/home2/acgym11/...', 5, Array)
#1 /home2/acgym11/galopecerto.com/pote/Admin/system/View/View.php(220): include('/home2/acgym11/...')
#2 /home2/acgym11/galopecerto.com/pote/Admin/system/View/View.php(222): CodeIgniter\View\View->CodeIgniter\View\{closure}()
#3 /home2/acgym11/galopecerto.com/pote/Admin/system/Common.php(1217): CodeIgniter\View\View->render('profile', Array, true)
#4 /home2/acgym11/galopecerto.com/pote/Admin/app/Controllers/Home.php(212): view('profile')
#5 /home2/acgym11/galopecerto.com/pote/Admin/system/CodeIgniter.php(936): App\Controllers\Home->show_profile()
#6 /home2/acgym11/galopecerto.com/pote/Admin/system/CodeIgniter.php(432): CodeIgniter\CodeIgniter->runController(Object(App\Controllers\Home))
#7 /home2/acgym11/galopecerto.com/pote/Admin/system/CodeIgniter.php(333): CodeIgniter\CodeIgniter->handleRequest(NULL, Object(Config\Cache), false)
#8 /home2/acgym11/galopecerto.com/pote/Admin/public/index.php(44): CodeIgniter\CodeIgniter->run()
#9 {main}
CRITICAL - 2022-08-04 11:31:58 --> Invalid file: partials/nmenu.php
#0 /home2/acgym11/galopecerto.com/pote/Admin/system/View/View.php(203): CodeIgniter\Exceptions\FrameworkException::forInvalidFile('partials/nmenu....')
#1 /home2/acgym11/galopecerto.com/pote/Admin/system/View/View.php(468): CodeIgniter\View\View->render('partials/nmenu', NULL, true)
#2 /home2/acgym11/galopecerto.com/pote/Admin/app/Views/profile.php(17): CodeIgniter\View\View->include('partials/nmenu')
#3 /home2/acgym11/galopecerto.com/pote/Admin/system/View/View.php(220): include('/home2/acgym11/...')
#4 /home2/acgym11/galopecerto.com/pote/Admin/system/View/View.php(222): CodeIgniter\View\View->CodeIgniter\View\{closure}()
#5 /home2/acgym11/galopecerto.com/pote/Admin/system/Common.php(1217): CodeIgniter\View\View->render('profile', Array, true)
#6 /home2/acgym11/galopecerto.com/pote/Admin/app/Controllers/Home.php(212): view('profile')
#7 /home2/acgym11/galopecerto.com/pote/Admin/system/CodeIgniter.php(936): App\Controllers\Home->show_profile()
#8 /home2/acgym11/galopecerto.com/pote/Admin/system/CodeIgniter.php(432): CodeIgniter\CodeIgniter->runController(Object(App\Controllers\Home))
#9 /home2/acgym11/galopecerto.com/pote/Admin/system/CodeIgniter.php(333): CodeIgniter\CodeIgniter->handleRequest(NULL, Object(Config\Cache), false)
#10 /home2/acgym11/galopecerto.com/pote/Admin/public/index.php(44): CodeIgniter\CodeIgniter->run()
#11 {main}
CRITICAL - 2022-08-04 11:31:59 --> Invalid file: partials/nmenu.php
#0 /home2/acgym11/galopecerto.com/pote/Admin/system/View/View.php(203): CodeIgniter\Exceptions\FrameworkException::forInvalidFile('partials/nmenu....')
#1 /home2/acgym11/galopecerto.com/pote/Admin/system/View/View.php(468): CodeIgniter\View\View->render('partials/nmenu', NULL, true)
#2 /home2/acgym11/galopecerto.com/pote/Admin/app/Views/profile.php(17): CodeIgniter\View\View->include('partials/nmenu')
#3 /home2/acgym11/galopecerto.com/pote/Admin/system/View/View.php(220): include('/home2/acgym11/...')
#4 /home2/acgym11/galopecerto.com/pote/Admin/system/View/View.php(222): CodeIgniter\View\View->CodeIgniter\View\{closure}()
#5 /home2/acgym11/galopecerto.com/pote/Admin/system/Common.php(1217): CodeIgniter\View\View->render('profile', Array, true)
#6 /home2/acgym11/galopecerto.com/pote/Admin/app/Controllers/Home.php(212): view('profile')
#7 /home2/acgym11/galopecerto.com/pote/Admin/system/CodeIgniter.php(936): App\Controllers\Home->show_profile()
#8 /home2/acgym11/galopecerto.com/pote/Admin/system/CodeIgniter.php(432): CodeIgniter\CodeIgniter->runController(Object(App\Controllers\Home))
#9 /home2/acgym11/galopecerto.com/pote/Admin/system/CodeIgniter.php(333): CodeIgniter\CodeIgniter->handleRequest(NULL, Object(Config\Cache), false)
#10 /home2/acgym11/galopecerto.com/pote/Admin/public/index.php(44): CodeIgniter\CodeIgniter->run()
#11 {main}
CRITICAL - 2022-08-04 11:32:18 --> Undefined variable: page_title
#0 /home2/acgym11/galopecerto.com/pote/Admin/app/Views/profile.php(26): CodeIgniter\Debug\Exceptions->errorHandler(8, 'Undefined varia...', '/home2/acgym11/...', 26, Array)
#1 /home2/acgym11/galopecerto.com/pote/Admin/system/View/View.php(220): include('/home2/acgym11/...')
#2 /home2/acgym11/galopecerto.com/pote/Admin/system/View/View.php(222): CodeIgniter\View\View->CodeIgniter\View\{closure}()
#3 /home2/acgym11/galopecerto.com/pote/Admin/system/Common.php(1217): CodeIgniter\View\View->render('profile', Array, true)
#4 /home2/acgym11/galopecerto.com/pote/Admin/app/Controllers/Home.php(212): view('profile')
#5 /home2/acgym11/galopecerto.com/pote/Admin/system/CodeIgniter.php(936): App\Controllers\Home->show_profile()
#6 /home2/acgym11/galopecerto.com/pote/Admin/system/CodeIgniter.php(432): CodeIgniter\CodeIgniter->runController(Object(App\Controllers\Home))
#7 /home2/acgym11/galopecerto.com/pote/Admin/system/CodeIgniter.php(333): CodeIgniter\CodeIgniter->handleRequest(NULL, Object(Config\Cache), false)
#8 /home2/acgym11/galopecerto.com/pote/Admin/public/index.php(44): CodeIgniter\CodeIgniter->run()
#9 {main}
CRITICAL - 2022-08-04 11:32:20 --> Undefined variable: page_title
#0 /home2/acgym11/galopecerto.com/pote/Admin/app/Views/profile.php(26): CodeIgniter\Debug\Exceptions->errorHandler(8, 'Undefined varia...', '/home2/acgym11/...', 26, Array)
#1 /home2/acgym11/galopecerto.com/pote/Admin/system/View/View.php(220): include('/home2/acgym11/...')
#2 /home2/acgym11/galopecerto.com/pote/Admin/system/View/View.php(222): CodeIgniter\View\View->CodeIgniter\View\{closure}()
#3 /home2/acgym11/galopecerto.com/pote/Admin/system/Common.php(1217): CodeIgniter\View\View->render('profile', Array, true)
#4 /home2/acgym11/galopecerto.com/pote/Admin/app/Controllers/Home.php(212): view('profile')
#5 /home2/acgym11/galopecerto.com/pote/Admin/system/CodeIgniter.php(936): App\Controllers\Home->show_profile()
#6 /home2/acgym11/galopecerto.com/pote/Admin/system/CodeIgniter.php(432): CodeIgniter\CodeIgniter->runController(Object(App\Controllers\Home))
#7 /home2/acgym11/galopecerto.com/pote/Admin/system/CodeIgniter.php(333): CodeIgniter\CodeIgniter->handleRequest(NULL, Object(Config\Cache), false)
#8 /home2/acgym11/galopecerto.com/pote/Admin/public/index.php(44): CodeIgniter\CodeIgniter->run()
#9 {main}
CRITICAL - 2022-08-04 11:32:23 --> Undefined variable: page_title
#0 /home2/acgym11/galopecerto.com/pote/Admin/app/Views/profile.php(26): CodeIgniter\Debug\Exceptions->errorHandler(8, 'Undefined varia...', '/home2/acgym11/...', 26, Array)
#1 /home2/acgym11/galopecerto.com/pote/Admin/system/View/View.php(220): include('/home2/acgym11/...')
#2 /home2/acgym11/galopecerto.com/pote/Admin/system/View/View.php(222): CodeIgniter\View\View->CodeIgniter\View\{closure}()
#3 /home2/acgym11/galopecerto.com/pote/Admin/system/Common.php(1217): CodeIgniter\View\View->render('profile', Array, true)
#4 /home2/acgym11/galopecerto.com/pote/Admin/app/Controllers/Home.php(212): view('profile')
#5 /home2/acgym11/galopecerto.com/pote/Admin/system/CodeIgniter.php(936): App\Controllers\Home->show_profile()
#6 /home2/acgym11/galopecerto.com/pote/Admin/system/CodeIgniter.php(432): CodeIgniter\CodeIgniter->runController(Object(App\Controllers\Home))
#7 /home2/acgym11/galopecerto.com/pote/Admin/system/CodeIgniter.php(333): CodeIgniter\CodeIgniter->handleRequest(NULL, Object(Config\Cache), false)
#8 /home2/acgym11/galopecerto.com/pote/Admin/public/index.php(44): CodeIgniter\CodeIgniter->run()
#9 {main}
