CRITICAL - 2022-08-22 18:23:47 --> Class 'CodeIgniter\Entity\Entity' not found
#0 /home2/acgym11/galopecerto.com/pote/Admin/system/Autoloader/Autoloader.php(294): include_once()
#1 /home2/acgym11/galopecerto.com/pote/Admin/system/Autoloader/Autoloader.php(265): CodeIgniter\Autoloader\Autoloader->includeFile('/home2/acgym11/...')
#2 /home2/acgym11/galopecerto.com/pote/Admin/system/Autoloader/Autoloader.php(228): CodeIgniter\Autoloader\Autoloader->loadInNamespace('CI4\\Auth\\Entiti...')
#3 [internal function]: CodeIgniter\Autoloader\Autoloader->loadClass('CI4\\Auth\\Entiti...')
#4 [internal function]: spl_autoload_call('CI4\\Auth\\Entiti...')
#5 /home2/acgym11/galopecerto.com/pote/Admin/system/Database/MySQLi/Result.php(170): is_subclass_of('CI4\\Auth\\Entiti...', 'CodeIgniter\\Ent...')
#6 /home2/acgym11/galopecerto.com/pote/Admin/system/Database/BaseResult.php(167): CodeIgniter\Database\MySQLi\Result->fetchObject('CI4\\Auth\\Entiti...')
#7 /home2/acgym11/galopecerto.com/pote/Admin/system/Database/BaseResult.php(114): CodeIgniter\Database\BaseResult->getCustomResultObject('CI4\\Auth\\Entiti...')
#8 /home2/acgym11/galopecerto.com/pote/Admin/system/Database/BaseResult.php(443): CodeIgniter\Database\BaseResult->getResult('CI4\\Auth\\Entiti...')
#9 /home2/acgym11/galopecerto.com/pote/Admin/system/Model.php(247): CodeIgniter\Database\BaseResult->getFirstRow('CI4\\Auth\\Entiti...')
#10 /home2/acgym11/galopecerto.com/pote/Admin/system/BaseModel.php(624): CodeIgniter\Model->doFirst()
#11 /home2/acgym11/galopecerto.com/pote/Admin/app/ThirdParty/lewe/ci4-auth/src/Controllers/AuthController.php(142): CodeIgniter\BaseModel->first()
#12 /home2/acgym11/galopecerto.com/pote/Admin/system/CodeIgniter.php(936): CI4\Auth\Controllers\AuthController->forgotPasswordDo()
#13 /home2/acgym11/galopecerto.com/pote/Admin/system/CodeIgniter.php(432): CodeIgniter\CodeIgniter->runController(Object(CI4\Auth\Controllers\AuthController))
#14 /home2/acgym11/galopecerto.com/pote/Admin/system/CodeIgniter.php(333): CodeIgniter\CodeIgniter->handleRequest(NULL, Object(Config\Cache), false)
#15 /home2/acgym11/galopecerto.com/pote/Admin/public/index.php(44): CodeIgniter\CodeIgniter->run()
#16 {main}
ERROR - 2022-08-22 18:24:00 --> mysqli_sql_exception: Table 'acgym11_pote.auth_groups' doesn't exist in /home2/acgym11/galopecerto.com/pote/Admin/system/Database/MySQLi/Connection.php:314
Stack trace:
#0 /home2/acgym11/galopecerto.com/pote/Admin/system/Database/MySQLi/Connection.php(314): mysqli->query('SELECT *\nFROM `...')
#1 /home2/acgym11/galopecerto.com/pote/Admin/system/Database/BaseConnection.php(713): CodeIgniter\Database\MySQLi\Connection->execute('SELECT *\nFROM `...')
#2 /home2/acgym11/galopecerto.com/pote/Admin/system/Database/BaseConnection.php(641): CodeIgniter\Database\BaseConnection->simpleQuery('SELECT *\nFROM `...')
#3 /home2/acgym11/galopecerto.com/pote/Admin/system/Database/BaseBuilder.php(1866): CodeIgniter\Database\BaseConnection->query('SELECT *\nFROM `...', Array, false)
#4 /home2/acgym11/galopecerto.com/pote/Admin/system/Model.php(213): CodeIgniter\Database\BaseBuilder->get()
#5 /home2/acgym11/galopecerto.com/pote/Admin/system/BaseModel.php(583): CodeIgniter\Model->doFindAll(0, 0)
#6 /home2/acgym11/galopecerto.com/pote/Admin/app/ThirdParty/lewe/ci4-auth/src/Controllers/GroupController.php(53): CodeIgniter\BaseModel->findAll()
#7 /home2/acgym11/galopecerto.com/pote/Admin/system/CodeIgniter.php(936): CI4\Auth\Controllers\GroupController->groups()
#8 /home2/acgym11/galopecerto.com/pote/Admin/system/CodeIgniter.php(432): CodeIgniter\CodeIgniter->runController(Object(CI4\Auth\Controllers\GroupController))
#9 /home2/acgym11/galopecerto.com/pote/Admin/system/CodeIgniter.php(333): CodeIgniter\CodeIgniter->handleRequest(NULL, Object(Config\Cache), false)
#10 /home2/acgym11/galopecerto.com/pote/Admin/public/index.php(44): CodeIgniter\CodeIgniter->run()
#11 {main}
CRITICAL - 2022-08-22 18:24:00 --> Call to undefined function bs5_searchform()
#0 /home2/acgym11/galopecerto.com/pote/Admin/system/View/View.php(220): include()
#1 /home2/acgym11/galopecerto.com/pote/Admin/system/View/View.php(222): CodeIgniter\View\View->CodeIgniter\View\{closure}()
#2 /home2/acgym11/galopecerto.com/pote/Admin/system/Common.php(1217): CodeIgniter\View\View->render('CI4\\Auth\\Views\\...', Array, true)
#3 /home2/acgym11/galopecerto.com/pote/Admin/app/ThirdParty/lewe/ci4-auth/src/Controllers/GroupController.php(219): view('CI4\\Auth\\Views\\...', Array)
#4 /home2/acgym11/galopecerto.com/pote/Admin/app/ThirdParty/lewe/ci4-auth/src/Controllers/GroupController.php(88): CI4\Auth\Controllers\GroupController->_render('CI4\\Auth\\Views\\...', Array)
#5 /home2/acgym11/galopecerto.com/pote/Admin/system/CodeIgniter.php(936): CI4\Auth\Controllers\GroupController->groups()
#6 /home2/acgym11/galopecerto.com/pote/Admin/system/CodeIgniter.php(432): CodeIgniter\CodeIgniter->runController(Object(CI4\Auth\Controllers\GroupController))
#7 /home2/acgym11/galopecerto.com/pote/Admin/system/CodeIgniter.php(333): CodeIgniter\CodeIgniter->handleRequest(NULL, Object(Config\Cache), false)
#8 /home2/acgym11/galopecerto.com/pote/Admin/public/index.php(44): CodeIgniter\CodeIgniter->run()
#9 {main}
